\BOOKMARK [1][-]{Doc-Start}{\376\377\122\115\212\000}{}% 1
\BOOKMARK [1][-]{section.1}{\376\377\144\130\211\201}{}% 2
\BOOKMARK [1][-]{section.2}{\376\377\137\025\212\000}{}% 3
\BOOKMARK [2][-]{subsection.2.1}{\376\377\170\024\172\166\141\017\116\111}{section.2}% 4
\BOOKMARK [2][-]{subsection.2.2}{\376\377\137\123\122\115\135\345\172\013\133\236\215\365}{section.2}% 5
\BOOKMARK [2][-]{subsection.2.3}{\376\377\163\260\147\011\211\343\121\263\145\271\150\110}{section.2}% 6
\BOOKMARK [2][-]{subsection.2.4}{\376\377\225\356\230\230\226\110\217\360}{section.2}% 7
\BOOKMARK [2][-]{subsection.2.5}{\376\377\170\024\172\166\166\356\150\007}{section.2}% 8
\BOOKMARK [2][-]{subsection.2.6}{\376\377\170\024\172\166\145\271\154\325}{section.2}% 9
\BOOKMARK [2][-]{subsection.2.7}{\376\377\116\072\116\300\116\110\227\000\211\201\217\331\150\067\166\204\135\345\117\134\155\101}{section.2}% 10
\BOOKMARK [2][-]{subsection.2.8}{\376\377\116\073\211\201\215\041\163\056}{section.2}% 11
\BOOKMARK [2][-]{subsection.2.9}{\376\377\170\024\172\166\203\003\126\364}{section.2}% 12
\BOOKMARK [2][-]{subsection.2.10}{\376\377\213\272\145\207\176\323\147\204}{section.2}% 13
\BOOKMARK [1][-]{section.3}{\376\377\145\207\163\056\176\374\217\360\116\016\142\200\147\057\117\235\143\156}{}% 14
\BOOKMARK [2][-]{subsection.3.1}{\376\377\116\072\116\300\116\110\127\050\000\040\000M\000i\000e\000\040\142\020\120\317\116\055\221\307\165\050\116\345\172\177\155\361\116\072\150\070\137\303\166\204\211\302\155\113\221\317}{section.3}% 15
\BOOKMARK [2][-]{subsection.3.2}{\376\377\147\145\201\352\213\241\173\227\147\072\211\306\211\311\116\016\117\341\123\367\131\004\164\006\166\204\145\057\144\221\164\006\213\272}{section.3}% 16
\BOOKMARK [2][-]{subsection.3.3}{\376\377\232\330\220\032\221\317\171\321\133\146\142\020\120\317\116\016\000\040\000G\000P\000U\000\040\220\002\221\115\140\047}{section.3}% 17
\BOOKMARK [2][-]{subsection.3.4}{\376\377\122\040\131\061\060\001\142\052\145\255\116\016\172\063\133\232\166\356\150\007\147\204\220\040}{section.3}% 18
\BOOKMARK [2][-]{subsection.3.5}{\376\377\131\032\133\124\125\267\126\064\000\040\000p\000l\000u\000m\000e\000\040\221\115\121\306\116\016\133\371\171\360\140\047\122\051\165\050}{section.3}% 19
\BOOKMARK [2][-]{subsection.3.6}{\376\377\125\267\226\376\142\020\120\317\116\055\166\204\136\246\221\317\133\232\116\111\116\016\217\271\165\114\143\320\123\326}{section.3}% 20
\BOOKMARK [2][-]{subsection.3.7}{\376\377\116\072\116\300\116\110\170\156\133\232\140\047\060\001\137\002\145\271\135\356\124\214\145\131\136\010\137\025\133\374\133\146\116\140\226\066\153\265\220\375\137\305\211\201}{section.3}% 21
\BOOKMARK [1][-]{section.4}{\376\377\170\024\172\166\147\120\145\231\116\016\145\271\154\325}{}% 22
\BOOKMARK [2][-]{subsection.4.1}{\376\377\135\345\117\134\155\101\151\202\211\310}{section.4}% 23
\BOOKMARK [2][-]{subsection.4.2}{\376\377\000G\000U\000I\000.\000p\000y\000\040\116\055\166\204\150\007\133\232}{section.4}% 24
\BOOKMARK [2][-]{subsection.4.3}{\376\377\000m\000a\000i\000n\000.\000p\000y\000\040\116\055\166\204\211\306\230\221\142\171\131\004\164\006}{section.4}% 25
\BOOKMARK [3][-]{subsubsection.4.3.1}{\376\377\150\007\133\232\171\373\116\244\124\214\142\171\221\317\225\032\133\232}{subsection.4.3}% 26
\BOOKMARK [3][-]{subsubsection.4.3.2}{\376\377\142\171\221\317\124\214\234\201\150\322\230\204\131\004\164\006}{subsection.4.3}% 27
\BOOKMARK [3][-]{subsubsection.4.3.3}{\376\377\000C\000U\000D\000A\124\016\172\357\116\012\166\204\215\205\232\330\145\110\000S\000o\000b\000e\000l\232\330\220\032\156\344\154\342}{subsection.4.3}% 28
\BOOKMARK [3][-]{subsubsection.4.3.4}{\376\377\211\322\136\246\133\306\136\246\117\134\116\072\147\201\127\120\150\007\221\315\221\307\150\067}{subsection.4.3}% 29
\BOOKMARK [3][-]{subsubsection.4.3.5}{\376\377\127\372\116\216\000F\000F\000T\166\204\201\352\220\002\136\224\145\313\217\154\133\371\237\120}{subsection.4.3}% 30
\BOOKMARK [3][-]{subsubsection.4.3.6}{\376\377\220\006\116\377\134\004\146\040\134\004\124\214\125\267\226\376\147\141\136\046\143\320\123\326}{subsection.4.3}% 31
\BOOKMARK [3][-]{subsubsection.4.3.7}{\376\377\133\371\237\120\125\267\226\376\147\141\136\046\166\204\172\063\120\145\000C\000D\000F\172\177\155\361}{subsection.4.3}% 32
\BOOKMARK [3][-]{subsubsection.4.3.8}{\376\377\217\271\165\114\136\246\221\317\124\214\121\340\117\125\116\343\164\006}{subsection.4.3}% 33
\BOOKMARK [2][-]{subsection.4.4}{\376\377\000M\000L\000P\000/\000f\000i\000t\000r\000a\000w\000d\000a\000t\000a\000.\000p\000y\000\040\116\055\166\204\217\150\217\371\156\005\155\027\116\016\226\115\226\066\142\337\124\010}{section.4}% 34
\BOOKMARK [2][-]{subsection.4.5}{\376\377\000M\000L\000P\000/\000m\000e\000d\000i\000a\000n\000p\000e\000n\000e\000t\000r\000a\000t\000i\000o\000n\000M\000S\000E\000.\000i\000p\000y\000n\000b\000\040\116\055\166\204\000\040\000S\000t\000a\000g\000e\000-\0001\000\040\170\156\133\232\140\047\127\372\176\277}{section.4}% 35
\BOOKMARK [2][-]{subsection.4.6}{\376\377\000M\000L\000P\000/\000m\000e\000d\000i\000a\000n\000p\000e\000n\000e\000t\000r\000a\000t\000i\000o\000n\000N\000L\000L\000.\000i\000p\000y\000n\000b\000\040\116\055\166\204\000\040\000S\000t\000a\000g\000e\000-\0002\000\040\137\002\145\271\135\356\142\151\134\125}{section.4}% 36
\BOOKMARK [2][-]{subsection.4.7}{\376\377\000W\000a\000r\000m\000-\000s\000t\000a\000r\000t\000\040\123\237\131\313\000\040\000C\000D\000F\000\040\176\306\123\026\116\016\117\335\133\210\204\270\231\217}{section.4}% 37
\BOOKMARK [2][-]{subsection.4.8}{\376\377\000M\000L\000P\000/\000v\0002\000e\000n\000g\000i\000n\000e\000e\000r\000e\000d\000f\000e\000a\000t\000u\000r\000e\000\040\116\055\166\204\135\345\172\013\123\026\162\171\137\201\174\276\123\026}{section.4}% 38
\BOOKMARK [2][-]{subsection.4.9}{\376\377\123\237\127\213\143\250\164\006\000\040\000n\000o\000t\000e\000b\000o\000o\000k}{section.4}% 39
\BOOKMARK [1][-]{section.5}{\376\377\176\323\147\234}{}% 40
\BOOKMARK [2][-]{subsection.5.1}{\376\377\135\362\143\320\123\326\116\016\156\005\155\027\166\204\217\150\217\371\215\104\116\247}{section.5}% 41
\BOOKMARK [2][-]{subsection.5.2}{\376\377\000S\000t\000a\000g\000e\000-\0001\000\040\127\372\176\277\152\041\127\213}{section.5}% 42
\BOOKMARK [2][-]{subsection.5.3}{\376\377\000S\000t\000a\000g\000e\000-\0002\000\040\116\015\170\156\133\232\140\047\141\037\167\345\142\151\134\125}{section.5}% 43
\BOOKMARK [2][-]{subsection.5.4}{\376\377\123\237\127\213\143\250\164\006\000\040\000n\000o\000t\000e\000b\000o\000o\000k}{section.5}% 44
\BOOKMARK [2][-]{subsection.5.5}{\376\377\176\323\147\234\217\271\165\114\116\016\123\357\131\015\163\260\140\047\162\266\140\001}{section.5}% 45
\BOOKMARK [1][-]{section.6}{\376\377\176\323\213\272}{}% 46
\BOOKMARK [1][-]{section.6}{\376\377\000R\000e\000f\000e\000r\000e\000n\000c\000e\000s}{}% 47
